<?xml version="1.0" encoding="UTF-8"?>
<testng-results ignored="0" total="1" passed="1" failed="0" skipped="0">
  <reporter-output>
  </reporter-output>
  <suite started-at="2024-02-19T15:44:52 CST" name="Suite" finished-at="2024-02-19T15:45:35 CST" duration-ms="43299">
    <groups>
    </groups>
    <test started-at="2024-02-19T15:44:52 CST" name="Test" finished-at="2024-02-19T15:45:35 CST" duration-ms="43299">
      <class name="com.seleniumJavaProject.test1">
        <test-method is-config="true" signature="initialize()[pri:0, instance:com.seleniumJavaProject.test1@1a451d4d]" started-at="2024-02-19T15:44:52 CST" name="initialize" finished-at="2024-02-19T15:44:58 CST" duration-ms="5846" status="PASS">
          <reporter-output>
          </reporter-output>
        </test-method> <!-- initialize -->
        <test-method signature="validateTitlePage()[pri:0, instance:com.seleniumJavaProject.test1@1a451d4d]" started-at="2024-02-19T15:44:58 CST" name="validateTitlePage" finished-at="2024-02-19T15:45:35 CST" duration-ms="37185" status="PASS">
          <reporter-output>
          </reporter-output>
        </test-method> <!-- validateTitlePage -->
        <test-method is-config="true" signature="endTest()[pri:0, instance:com.seleniumJavaProject.test1@1a451d4d]" started-at="2024-02-19T15:45:35 CST" name="endTest" finished-at="2024-02-19T15:45:35 CST" duration-ms="230" status="PASS">
          <reporter-output>
          </reporter-output>
        </test-method> <!-- endTest -->
      </class> <!-- com.seleniumJavaProject.test1 -->
    </test> <!-- Test -->
  </suite> <!-- Suite -->
</testng-results>
