<?xml version="1.0" encoding="UTF-8"?>
<testng-results ignored="0" total="1" passed="1" failed="0" skipped="0">
  <reporter-output>
  </reporter-output>
  <suite started-at="2024-02-19T18:07:32 CST" name="Suite" finished-at="2024-02-19T18:07:39 CST" duration-ms="7304">
    <groups>
    </groups>
    <test started-at="2024-02-19T18:07:32 CST" name="Test" finished-at="2024-02-19T18:07:39 CST" duration-ms="7304">
      <class name="com.seleniumJavaProject.test1">
        <test-method is-config="true" signature="initialize()[pri:0, instance:com.seleniumJavaProject.test1@185a6e9]" started-at="2024-02-19T18:07:32 CST" name="initialize" finished-at="2024-02-19T18:07:35 CST" duration-ms="3388" status="PASS">
          <reporter-output>
          </reporter-output>
        </test-method> <!-- initialize -->
        <test-method signature="validateTitlePage()[pri:0, instance:com.seleniumJavaProject.test1@185a6e9]" started-at="2024-02-19T18:07:35 CST" name="validateTitlePage" finished-at="2024-02-19T18:07:39 CST" duration-ms="3359" status="PASS">
          <reporter-output>
          </reporter-output>
        </test-method> <!-- validateTitlePage -->
        <test-method is-config="true" signature="endTest()[pri:0, instance:com.seleniumJavaProject.test1@185a6e9]" started-at="2024-02-19T18:07:39 CST" name="endTest" finished-at="2024-02-19T18:07:39 CST" duration-ms="449" status="PASS">
          <reporter-output>
          </reporter-output>
        </test-method> <!-- endTest -->
      </class> <!-- com.seleniumJavaProject.test1 -->
    </test> <!-- Test -->
  </suite> <!-- Suite -->
</testng-results>
