<?xml version="1.0" encoding="UTF-8"?>
<testng-results ignored="0" total="1" passed="1" failed="0" skipped="0">
  <reporter-output>
  </reporter-output>
  <suite started-at="2024-02-18T20:06:22 CST" name="Default suite" finished-at="2024-02-18T20:07:23 CST" duration-ms="60619">
    <groups>
    </groups>
    <test started-at="2024-02-18T20:06:22 CST" name="Default test" finished-at="2024-02-18T20:07:23 CST" duration-ms="60619">
      <class name="com.seleniumJavaProject.test1">
        <test-method is-config="true" signature="initialize()[pri:0, instance:com.seleniumJavaProject.test1@3eb738bb]" started-at="2024-02-18T20:06:22 CST" name="initialize" finished-at="2024-02-18T20:06:28 CST" duration-ms="5583" status="PASS">
          <reporter-output>
          </reporter-output>
        </test-method> <!-- initialize -->
        <test-method signature="validateTitlePage()[pri:0, instance:com.seleniumJavaProject.test1@3eb738bb]" started-at="2024-02-18T20:06:28 CST" name="validateTitlePage" finished-at="2024-02-18T20:07:22 CST" duration-ms="54493" status="PASS">
          <reporter-output>
          </reporter-output>
        </test-method> <!-- validateTitlePage -->
        <test-method is-config="true" signature="endTest()[pri:0, instance:com.seleniumJavaProject.test1@3eb738bb]" started-at="2024-02-18T20:07:22 CST" name="endTest" finished-at="2024-02-18T20:07:23 CST" duration-ms="479" status="PASS">
          <reporter-output>
          </reporter-output>
        </test-method> <!-- endTest -->
      </class> <!-- com.seleniumJavaProject.test1 -->
    </test> <!-- Default test -->
  </suite> <!-- Default suite -->
</testng-results>
